Running: C:\Xilinx\ISE_DS\ISE\bin\nt64\unwrapped\fuse.exe -intstyle ise -incremental -lib unisims_ver -lib unimacro_ver -lib xilinxcorelib_ver -o C:/Users/Paula/Google Drive/Xilinx/Lab8/lookaheadAdder4bit_tb_isim_beh.exe -prj C:/Users/Paula/Google Drive/Xilinx/Lab8/lookaheadAdder4bit_tb_beh.prj lookaheadAdder4bit_tb work.glbl 
ISim O.61xd (signature 0x1cce1bb2)
Number of CPUs detected in this system: 2
Turning on mult-threading, number of parallel sub-compilation jobs: 4 
Determining compilation order of HDL files
Analyzing Verilog file \"C:/Users/Paula/Google Drive/Xilinx/Lab8/halfadder.v\" into library work
Analyzing Verilog file \"C:/Users/Paula/Google Drive/Xilinx/Lab8/lookaheadAdder4bit.v\" into library work
Analyzing Verilog file \"C:/Users/Paula/Google Drive/Xilinx/Lab8/lookaheadAdder4bit_tb.v\" into library work
Analyzing Verilog file \"C:/Xilinx/ISE_DS/ISE//verilog/src/glbl.v\" into library work
Starting static elaboration
Completed static elaboration
Compiling module halfadder
Compiling module lookaheadAdder4bit
Compiling module lookaheadAdder4bit_tb
Compiling module glbl
Time Resolution for simulation is 1ps.
Waiting for 5 sub-compilation(s) to finish...
Compiled 4 Verilog Units
Built simulation executable C:/Users/Paula/Google Drive/Xilinx/Lab8/lookaheadAdder4bit_tb_isim_beh.exe
Fuse Memory Usage: 16752 KB
Fuse CPU Usage: 202 ms
