Release 14.7 - ngc2edif P.20131013 (nt64)
Copyright (c) 1995-2013 Xilinx, Inc.  All rights reserved.
Reading design lookaheadLED.ngc ...
WARNING:NetListWriters:298 - No output is written to lookaheadLED.xncf, ignored.
Processing design ...
   Preping design's networks ...
   Preping design's macros ...
  finished :Prep
Writing EDIF netlist file lookaheadLED.edif ...
ngc2edif: Total memory usage is 79092 kilobytes

Release 14.7 - ngc2edif P.20131013 (nt64)
Copyright (c) 1995-2013 Xilinx, Inc.  All rights reserved.
Reading design lookaheadLED.ngc ...
WARNING:NetListWriters:298 - No output is written to lookaheadLED.xncf, ignored.
Processing design ...
   Preping design's networks ...
   Preping design's macros ...
  finished :Prep
Writing EDIF netlist file lookaheadLED.edif ...
ngc2edif: Total memory usage is 79412 kilobytes

Release 14.5 - ngc2edif P.58f (nt64)
Copyright (c) 1995-2012 Xilinx, Inc.  All rights reserved.
Reading design test_mod.ngc ...
WARNING:NetListWriters:298 - No output is written to test_mod.xncf, ignored.
Processing design ...
   Preping design's networks ...
   Preping design's macros ...
  finished :Prep
Writing EDIF netlist file test_mod.edif ...
ngc2edif: Total memory usage is 75336 kilobytes

