#-----------------------------------------------------------
# PlanAhead v14.5 (64-bit)
# Build 247527 by xbuild on Mon Mar 25 17:13:07 MDT 2013
# Start of session at: Mon Nov 04 15:49:17 2013
# Process ID: 2664
# Log file: F:/Lab8/planAhead_run_1/planAhead.log
# Journal file: F:/Lab8/planAhead_run_1/planAhead.jou
#-----------------------------------------------------------
INFO: [Common 17-78] Attempting to get a license: PlanAhead
INFO: [Common 17-290] Got license for PlanAhead
INFO: [Common 17-86] Your PlanAhead license expires in -156 day(s)
INFO: [Device 21-36] Loading parts and site information from C:/Xilinx/14.5/ISE_DS/PlanAhead/data/parts/arch.xml
Parsing RTL primitives file [C:/Xilinx/14.5/ISE_DS/PlanAhead/data/parts/xilinx/rtl/prims/rtl_prims.xml]
Finished parsing RTL primitives file [C:/Xilinx/14.5/ISE_DS/PlanAhead/data/parts/xilinx/rtl/prims/rtl_prims.xml]
start_gui
source F:/Lab8/pa.fromHdl.tcl
# create_project -name Lab8 -dir "F:/Lab8/planAhead_run_1" -part xc3s500efg320-5
# set_param project.pinAheadLayout yes
# set srcset [get_property srcset [current_run -impl]]
# set_property target_constrs_file "test_mod.ucf" [current_fileset -constrset]
Adding file 'F:/Lab8/test_mod.ucf' to fileset 'constrs_1'
# set hdlfile [add_files [list {halfadder.v}]]
# set_property file_type Verilog $hdlfile
# set_property library work $hdlfile
# set hdlfile [add_files [list {fulladder.v}]]
# set_property file_type Verilog $hdlfile
# set_property library work $hdlfile
# set hdlfile [add_files [list {rippleAdder4bit.v}]]
# set_property file_type Verilog $hdlfile
# set_property library work $hdlfile
# set hdlfile [add_files [list {lookaheadAdder4bit.v}]]
# set_property file_type Verilog $hdlfile
# set_property library work $hdlfile
# set hdlfile [add_files [list {counter.v}]]
# set_property file_type Verilog $hdlfile
# set_property library work $hdlfile
# set hdlfile [add_files [list {ClockConverter.v}]]
# set_property file_type Verilog $hdlfile
# set_property library work $hdlfile
# set hdlfile [add_files [list {test_mod.v}]]
# set_property file_type Verilog $hdlfile
# set_property library work $hdlfile
# set_property top test_mod $srcset
# add_files [list {test_mod.ucf}] -fileset [get_property constrset [current_run]]
# open_rtl_design -part xc3s500efg320-5
Using Verific elaboration
Parsing VHDL file "C:/Xilinx/14.5/ISE_DS/PlanAhead/data/parts/xilinx/rtl/lib/synplify/synattr.vhd" into library synplify
Analyzing Verilog file "F:/Lab8/halfadder.v" into library work
Analyzing Verilog file "F:/Lab8/fulladder.v" into library work
Analyzing Verilog file "F:/Lab8/rippleAdder4bit.v" into library work
Analyzing Verilog file "F:/Lab8/lookaheadAdder4bit.v" into library work
Analyzing Verilog file "F:/Lab8/counter.v" into library work
Analyzing Verilog file "F:/Lab8/ClockConverter.v" into library work
Analyzing Verilog file "F:/Lab8/test_mod.v" into library work
INFO: [Designutils 20-910] Reading macro library C:/Xilinx/14.5/ISE_DS/PlanAhead/data\./parts/xilinx/spartan3e/spartan3e/hd_int_macros.edn
Parsing EDIF File [C:/Xilinx/14.5/ISE_DS/PlanAhead/data\./parts/xilinx/spartan3e/spartan3e/hd_int_macros.edn]
Finished Parsing EDIF File [C:/Xilinx/14.5/ISE_DS/PlanAhead/data\./parts/xilinx/spartan3e/spartan3e/hd_int_macros.edn]
Loading clock regions from C:/Xilinx/14.5/ISE_DS/PlanAhead/data\parts/xilinx/spartan3e/spartan3e/xc3s500e/ClockRegion.xml
Loading clock buffers from C:/Xilinx/14.5/ISE_DS/PlanAhead/data\parts/xilinx/spartan3e/spartan3e/xc3s500e/ClockBuffers.xml
Loading package from C:/Xilinx/14.5/ISE_DS/PlanAhead/data\parts/xilinx/spartan3e/spartan3e/xc3s500e/fg320/Package.xml
Loading io standards from C:/Xilinx/14.5/ISE_DS/PlanAhead/data\./parts/xilinx/spartan3e/IOStandards.xml
INFO: [Device 21-19] Loading pkg sso from C:/Xilinx/14.5/ISE_DS/PlanAhead/data\parts/xilinx/spartan3e/spartan3e/xc3s500e/fg320/SSORules.xml
Loading list of drcs for the architecture : C:/Xilinx/14.5/ISE_DS/PlanAhead/data\./parts/xilinx/spartan3e/spartan3e/drc.xml
INFO: [Timing 38-77] Reading timing library C:/Xilinx/14.5/ISE_DS/PlanAhead/data\parts/xilinx/spartan3e/spartan3e/spartan3e-5.lib.
INFO: [Timing 38-34] Done reading timing library C:/Xilinx/14.5/ISE_DS/PlanAhead/data\parts/xilinx/spartan3e/spartan3e/spartan3e-5.lib.
Parsing UCF File [F:/Lab8/test_mod.ucf]
Finished Parsing UCF File [F:/Lab8/test_mod.ucf]
INFO: [Project 1-111] Unisim Transformation Summary:
No Unisim elements were transformed.

Phase 0 | Netlist Checksum: 161f58f6
open_rtl_design: Time (s): elapsed = 00:00:05 . Memory (MB): peak = 519.523 ; gain = 127.492
update_compile_order -fileset sim_1
startgroup
set_property package_pin E7 [get_ports Cin]
endgroup
startgroup
set_property package_pin A6 [get_ports {A[3]}]
endgroup
startgroup
set_property package_pin C7 [get_ports {A[2]}]
endgroup
startgroup
set_property package_pin F8 [get_ports {A[1]}]
endgroup
startgroup
set_property package_pin D7 [get_ports {A[0]}]
endgroup
startgroup
set_property package_pin E8 [get_ports {B[3]}]
endgroup
startgroup
set_property package_pin E9 [get_ports {B[2]}]
endgroup
startgroup
set_property package_pin C9 [get_ports {B[1]}]
endgroup
startgroup
set_property package_pin A8 [get_ports {B[0]}]
endgroup
startgroup
set_property package_pin G9 [get_ports Cout_1]
endgroup
startgroup
set_property package_pin F9 [get_ports {sum_1[3]}]
endgroup
startgroup
set_property package_pin D10 [get_ports {sum_1[2]}]
endgroup
startgroup
set_property package_pin A10 [get_ports {sum_1[1]}]
endgroup
startgroup
set_property package_pin B10 [get_ports {sum_1[0]}]
endgroup
startgroup
set_property package_pin A11 [get_ports Cout_r]
endgroup
startgroup
set_property package_pin D11 [get_ports {sum_r[3]}]
endgroup
startgroup
set_property package_pin E10 [get_ports {sum_r[2]}]
endgroup
startgroup
set_property package_pin B11 [get_ports {sum_r[1]}]
endgroup
startgroup
set_property package_pin C11 [get_ports {sum_r[0]}]
endgroup
startgroup
set_property package_pin A16 [get_ports clk]
endgroup
startgroup
set_property package_pin B18 [get_ports reset]
endgroup
startgroup
set_property package_pin B8 [get_ports clock50]
endgroup
save_constraints
exit
ERROR: [PlanAhead 12-106] *** Exception: ui.h.b: Found deleted key in HTclEventBroker. Verify if the classes listed here call cleanup()
HTclEvent: SIGNAL_MODIFY   Classes: ui.views.aR 
HTclEvent: DEBUG_CORE_CONFIG_CHANGE   Classes: ui.views.aR 
HTclEvent: DEBUG_PORT_CONFIG_CHANGE   Classes: ui.views.aR 
HTclEvent: SIGNAL_BUS_MODIFY   Classes: ui.views.aR 
 (See F:/Lab8\planAhead_pid2664.debug)
ERROR: [Common 17-39] 'stop_gui' failed due to earlier errors.
INFO: [Common 17-206] Exiting PlanAhead at Mon Nov 04 16:19:45 2013...
INFO: [Common 17-83] Releasing license: PlanAhead
