Release 14.7 - xst P.20131013 (nt64)
Copyright (c) 1995-2013 Xilinx, Inc.  All rights reserved.
--> Parameter TMPDIR set to xst/projnav.tmp


Total REAL time to Xst completion: 1.00 secs
Total CPU time to Xst completion: 0.44 secs
 
--> Parameter xsthdpdir set to xst


Total REAL time to Xst completion: 1.00 secs
Total CPU time to Xst completion: 0.44 secs
 
--> Reading design: AnodeDriverClock.prj

TABLE OF CONTENTS
  1) Synthesis Options Summary
  2) HDL Compilation
  3) Design Hierarchy Analysis
  4) HDL Analysis
  5) HDL Synthesis
     5.1) HDL Synthesis Report
  6) Advanced HDL Synthesis
     6.1) Advanced HDL Synthesis Report
  7) Low Level Synthesis
  8) Partition Report
  9) Final Report
	9.1) Device utilization summary
	9.2) Partition Resource Summary
	9.3) TIMING REPORT


=========================================================================
*                      Synthesis Options Summary                        *
=========================================================================
---- Source Parameters
Input File Name                    : "AnodeDriverClock.prj"
Input Format                       : mixed
Ignore Synthesis Constraint File   : NO

---- Target Parameters
Output File Name                   : "AnodeDriverClock"
Output Format                      : NGC
Target Device                      : xc3s500e-5-fg320

---- Source Options
Top Module Name                    : AnodeDriverClock
Automatic FSM Extraction           : YES
FSM Encoding Algorithm             : Auto
Safe Implementation                : No
FSM Style                          : LUT
RAM Extraction                     : Yes
RAM Style                          : Auto
ROM Extraction                     : Yes
Mux Style                          : Auto
Decoder Extraction                 : YES
Priority Encoder Extraction        : Yes
Shift Register Extraction          : YES
Logical Shifter Extraction         : YES
XOR Collapsing                     : YES
ROM Style                          : Auto
Mux Extraction                     : Yes
Resource Sharing                   : YES
Asynchronous To Synchronous        : NO
Multiplier Style                   : Auto
Automatic Register Balancing       : No

---- Target Options
Add IO Buffers                     : YES
Global Maximum Fanout              : 500
Add Generic Clock Buffer(BUFG)     : 24
Register Duplication               : YES
Slice Packing                      : YES
Optimize Instantiated Primitives   : NO
Use Clock Enable                   : Yes
Use Synchronous Set                : Yes
Use Synchronous Reset              : Yes
Pack IO Registers into IOBs        : Auto
Equivalent register Removal        : YES

---- General Options
Optimization Goal                  : Speed
Optimization Effort                : 1
Keep Hierarchy                     : No
Netlist Hierarchy                  : As_Optimized
RTL Output                         : Yes
Global Optimization                : AllClockNets
Read Cores                         : YES
Write Timing Constraints           : NO
Cross Clock Analysis               : NO
Hierarchy Separator                : /
Bus Delimiter                      : <>
Case Specifier                     : Maintain
Slice Utilization Ratio            : 100
BRAM Utilization Ratio             : 100
Verilog 2001                       : YES
Auto BRAM Packing                  : NO
Slice Utilization Ratio Delta      : 5

=========================================================================


=========================================================================
*                          HDL Compilation                              *
=========================================================================
Compiling verilog file "Nbit21mux.v" in library work
Compiling verilog file "Mux4bit.v" in library work
Module <Nbit21mux> compiled
Compiling verilog file "mux4bit41.v" in library work
Module <Mux4bit> compiled
Compiling verilog file "Hex7Continuous.v" in library work
Module <mux4bit41> compiled
Compiling verilog file "ClockConverter.v" in library work
Module <Hex7Continuous> compiled
Compiling verilog file "AnodeDriver.v" in library work
Module <ClockConverter> compiled
Compiling verilog file "AnodeDriverClock.v" in library work
Module <AnodeDriver> compiled
Module <AnodeDriverClock> compiled
No errors in compilation
Analysis of file <"AnodeDriverClock.prj"> succeeded.
 

=========================================================================
*                     Design Hierarchy Analysis                         *
=========================================================================
Analyzing hierarchy for module <AnodeDriverClock> in library <work>.

Analyzing hierarchy for module <ClockConverter> in library <work>.

Analyzing hierarchy for module <AnodeDriver> in library <work>.

Analyzing hierarchy for module <mux4bit41> in library <work>.

Analyzing hierarchy for module <Hex7Continuous> in library <work>.

Analyzing hierarchy for module <Mux4bit> in library <work>.

Analyzing hierarchy for module <Nbit21mux> in library <work> with parameters.
	N = "00000000000000000000000000000100"


=========================================================================
*                            HDL Analysis                               *
=========================================================================
Analyzing top module <AnodeDriverClock>.
Module <AnodeDriverClock> is correct for synthesis.
 
Analyzing module <ClockConverter> in library <work>.
Module <ClockConverter> is correct for synthesis.
 
Analyzing module <AnodeDriver> in library <work>.
Module <AnodeDriver> is correct for synthesis.
 
Analyzing module <mux4bit41> in library <work>.
Module <mux4bit41> is correct for synthesis.
 
Analyzing module <Mux4bit> in library <work>.
Module <Mux4bit> is correct for synthesis.
 
Analyzing module <Nbit21mux> in library <work>.
	N = 32'sb00000000000000000000000000000100
Module <Nbit21mux> is correct for synthesis.
 
Analyzing module <Hex7Continuous> in library <work>.
Module <Hex7Continuous> is correct for synthesis.
 

=========================================================================
*                           HDL Synthesis                               *
=========================================================================

Performing bidirectional port resolution...

Synthesizing Unit <ClockConverter>.
    Related source file is "ClockConverter.v".
    Found T flip-flop for signal <newclock>.
    Found 16-bit up counter for signal <counter>.
    Summary:
	inferred   1 Counter(s).
	inferred   1 T-type flip-flop(s).
Unit <ClockConverter> synthesized.


Synthesizing Unit <AnodeDriver>.
    Related source file is "AnodeDriver.v".
    Found 4-bit register for signal <anode_select>.
    Found 2-bit up counter for signal <mux_select>.
    Summary:
	inferred   1 Counter(s).
	inferred   4 D-type flip-flop(s).
Unit <AnodeDriver> synthesized.


Synthesizing Unit <Hex7Continuous>.
    Related source file is "Hex7Continuous.v".
Unit <Hex7Continuous> synthesized.


Synthesizing Unit <Nbit21mux>.
    Related source file is "Nbit21mux.v".
Unit <Nbit21mux> synthesized.


Synthesizing Unit <Mux4bit>.
    Related source file is "Mux4bit.v".
Unit <Mux4bit> synthesized.


Synthesizing Unit <mux4bit41>.
    Related source file is "mux4bit41.v".
Unit <mux4bit41> synthesized.


Synthesizing Unit <AnodeDriverClock>.
    Related source file is "AnodeDriverClock.v".
Unit <AnodeDriverClock> synthesized.


=========================================================================
HDL Synthesis Report

Macro Statistics
# Counters                                             : 2
 16-bit up counter                                     : 1
 2-bit up counter                                      : 1
# Registers                                            : 1
 4-bit register                                        : 1
# Toggle Registers                                     : 1
 T flip-flop                                           : 1

=========================================================================

=========================================================================
*                       Advanced HDL Synthesis                          *
=========================================================================


=========================================================================
Advanced HDL Synthesis Report

Macro Statistics
# Counters                                             : 2
 16-bit up counter                                     : 1
 2-bit up counter                                      : 1
# Registers                                            : 5
 Flip-Flops                                            : 5

=========================================================================

=========================================================================
*                         Low Level Synthesis                           *
=========================================================================

Optimizing unit <AnodeDriverClock> ...

Optimizing unit <AnodeDriver> ...

Mapping all equations...
Building and optimizing final netlist ...
Found area constraint ratio of 100 (+ 5) on block AnodeDriverClock, actual ratio is 0.

Final Macro Processing ...

=========================================================================
Final Register Report

Macro Statistics
# Registers                                            : 23
 Flip-Flops                                            : 23

=========================================================================

=========================================================================
*                           Partition Report                            *
=========================================================================

Partition Implementation Status
-------------------------------

  No Partitions were found in this design.

-------------------------------

=========================================================================
*                            Final Report                               *
=========================================================================
Final Results
RTL Top Level Output File Name     : AnodeDriverClock.ngr
Top Level Output File Name         : AnodeDriverClock
Output Format                      : NGC
Optimization Goal                  : Speed
Keep Hierarchy                     : No

Design Statistics
# IOs                              : 30

Cell Usage :
# BELS                             : 78
#      GND                         : 1
#      INV                         : 3
#      LUT1                        : 15
#      LUT2                        : 2
#      LUT3                        : 9
#      LUT4                        : 11
#      LUT4_L                      : 1
#      MUXCY                       : 15
#      MUXF5                       : 4
#      VCC                         : 1
#      XORCY                       : 16
# FlipFlops/Latches                : 23
#      FDR                         : 19
#      FDRE                        : 1
#      FDS                         : 3
# Clock Buffers                    : 1
#      BUFGP                       : 1
# IO Buffers                       : 29
#      IBUF                        : 17
#      OBUF                        : 12
=========================================================================

Device utilization summary:
---------------------------

Selected Device : 3s500efg320-5 

 Number of Slices:                       20  out of   4656     0%  
 Number of Slice Flip Flops:             23  out of   9312     0%  
 Number of 4 input LUTs:                 41  out of   9312     0%  
 Number of IOs:                          30
 Number of bonded IOBs:                  30  out of    232    12%  
 Number of GCLKs:                         1  out of     24     4%  

---------------------------
Partition Resource Summary:
---------------------------

  No Partitions were found in this design.

---------------------------


=========================================================================
TIMING REPORT

NOTE: THESE TIMING NUMBERS ARE ONLY A SYNTHESIS ESTIMATE.
      FOR ACCURATE TIMING INFORMATION PLEASE REFER TO THE TRACE REPORT
      GENERATED AFTER PLACE-and-ROUTE.

Clock Information:
------------------
-----------------------------------+-------------------------------+-------+
Clock Signal                       | Clock buffer(FF name)         | Load  |
-----------------------------------+-------------------------------+-------+
clock50                            | BUFGP                         | 17    |
theClock/newclock_0                | NONE(anodeDriver/mux_select_1)| 6     |
-----------------------------------+-------------------------------+-------+
INFO:Xst:2169 - HDL ADVISOR - Some clock signals were not automatically buffered by XST with BUFG/BUFR resources. Please use the buffer_type constraint in order to insert these buffers to the clock signals to help prevent skew problems.

Asynchronous Control Signals Information:
----------------------------------------
No asynchronous control signals found in this design

Timing Summary:
---------------
Speed Grade: -5

   Minimum period: 5.431ns (Maximum Frequency: 184.135MHz)
   Minimum input arrival time before clock: 4.146ns
   Maximum output required time after clock: 7.241ns
   Maximum combinational path delay: 7.314ns

Timing Detail:
--------------
All values displayed in nanoseconds (ns)

=========================================================================
Timing constraint: Default period analysis for Clock 'clock50'
  Clock period: 5.431ns (frequency: 184.135MHz)
  Total number of paths / destination ports: 409 / 34
-------------------------------------------------------------------------
Delay:               5.431ns (Levels of Logic = 3)
  Source:            theClock/counter_14 (FF)
  Destination:       theClock/counter_0 (FF)
  Source Clock:      clock50 rising
  Destination Clock: clock50 rising

  Data Path: theClock/counter_14 to theClock/counter_0
                                Gate     Net
    Cell:in->out      fanout   Delay   Delay  Logical Name (Net Name)
    ----------------------------------------  ------------
     FDR:C->Q              2   0.514   0.532  theClock/counter_14 (theClock/counter_14)
     LUT4:I0->O            1   0.612   0.426  theClock/newclock_cmp_eq000017 (theClock/newclock_cmp_eq000017)
     LUT4:I1->O            2   0.612   0.449  theClock/newclock_cmp_eq000064 (theClock/newclock_cmp_eq0000)
     LUT2:I1->O           16   0.612   0.879  theClock/counter_or00001 (theClock/counter_or0000)
     FDR:R                     0.795          theClock/counter_0
    ----------------------------------------
    Total                      5.431ns (3.145ns logic, 2.286ns route)
                                       (57.9% logic, 42.1% route)

=========================================================================
Timing constraint: Default period analysis for Clock 'theClock/newclock_0'
  Clock period: 3.246ns (frequency: 308.071MHz)
  Total number of paths / destination ports: 11 / 8
-------------------------------------------------------------------------
Delay:               3.246ns (Levels of Logic = 1)
  Source:            anodeDriver/mux_select_0 (FF)
  Destination:       anodeDriver/mux_select_1 (FF)
  Source Clock:      theClock/newclock_0 rising
  Destination Clock: theClock/newclock_0 rising

  Data Path: anodeDriver/mux_select_0 to anodeDriver/mux_select_1
                                Gate     Net
    Cell:in->out      fanout   Delay   Delay  Logical Name (Net Name)
    ----------------------------------------  ------------
     FDR:C->Q             11   0.514   0.945  anodeDriver/mux_select_0 (anodeDriver/mux_select_0)
     LUT3:I0->O            2   0.612   0.380  anodeDriver/mux_select_or00001 (anodeDriver/mux_select_or0000)
     FDR:R                     0.795          anodeDriver/mux_select_0
    ----------------------------------------
    Total                      3.246ns (1.921ns logic, 1.325ns route)
                                       (59.2% logic, 40.8% route)

=========================================================================
Timing constraint: Default OFFSET IN BEFORE for Clock 'clock50'
  Total number of paths / destination ports: 17 / 17
-------------------------------------------------------------------------
Offset:              4.146ns (Levels of Logic = 2)
  Source:            reset (PAD)
  Destination:       theClock/counter_0 (FF)
  Destination Clock: clock50 rising

  Data Path: reset to theClock/counter_0
                                Gate     Net
    Cell:in->out      fanout   Delay   Delay  Logical Name (Net Name)
    ----------------------------------------  ------------
     IBUF:I->O             7   1.106   0.754  reset_IBUF (reset_IBUF)
     LUT2:I0->O           16   0.612   0.879  theClock/counter_or00001 (theClock/counter_or0000)
     FDR:R                     0.795          theClock/counter_0
    ----------------------------------------
    Total                      4.146ns (2.513ns logic, 1.633ns route)
                                       (60.6% logic, 39.4% route)

=========================================================================
Timing constraint: Default OFFSET IN BEFORE for Clock 'theClock/newclock_0'
  Total number of paths / destination ports: 6 / 6
-------------------------------------------------------------------------
Offset:              3.525ns (Levels of Logic = 2)
  Source:            reset (PAD)
  Destination:       anodeDriver/mux_select_1 (FF)
  Destination Clock: theClock/newclock_0 rising

  Data Path: reset to anodeDriver/mux_select_1
                                Gate     Net
    Cell:in->out      fanout   Delay   Delay  Logical Name (Net Name)
    ----------------------------------------  ------------
     IBUF:I->O             7   1.106   0.632  reset_IBUF (reset_IBUF)
     LUT3:I2->O            2   0.612   0.380  anodeDriver/mux_select_or00001 (anodeDriver/mux_select_or0000)
     FDR:R                     0.795          anodeDriver/mux_select_0
    ----------------------------------------
    Total                      3.525ns (2.513ns logic, 1.012ns route)
                                       (71.3% logic, 28.7% route)

=========================================================================
Timing constraint: Default OFFSET OUT AFTER for Clock 'clock50'
  Total number of paths / destination ports: 1 / 1
-------------------------------------------------------------------------
Offset:              4.326ns (Levels of Logic = 1)
  Source:            theClock/newclock_0 (FF)
  Destination:       clock (PAD)
  Source Clock:      clock50 rising

  Data Path: theClock/newclock_0 to clock
                                Gate     Net
    Cell:in->out      fanout   Delay   Delay  Logical Name (Net Name)
    ----------------------------------------  ------------
     FDRE:C->Q             8   0.514   0.643  theClock/newclock_0 (theClock/newclock_0)
     OBUF:I->O                 3.169          clock_OBUF (clock)
    ----------------------------------------
    Total                      4.326ns (3.683ns logic, 0.643ns route)
                                       (85.1% logic, 14.9% route)

=========================================================================
Timing constraint: Default OFFSET OUT AFTER for Clock 'theClock/newclock_0'
  Total number of paths / destination ports: 88 / 11
-------------------------------------------------------------------------
Offset:              7.241ns (Levels of Logic = 4)
  Source:            anodeDriver/mux_select_0 (FF)
  Destination:       data_lines<6> (PAD)
  Source Clock:      theClock/newclock_0 rising

  Data Path: anodeDriver/mux_select_0 to data_lines<6>
                                Gate     Net
    Cell:in->out      fanout   Delay   Delay  Logical Name (Net Name)
    ----------------------------------------  ------------
     FDR:C->Q             11   0.514   0.945  anodeDriver/mux_select_0 (anodeDriver/mux_select_0)
     LUT3:I0->O            1   0.612   0.000  mux/Out/M4/y<3>_F (N34)
     MUXF5:I0->O           7   0.278   0.754  mux/Out/M4/y<3> (mux_output<3>)
     LUT4:I0->O            1   0.612   0.357  decoder/y_4_or00001 (data_lines_4_OBUF)
     OBUF:I->O                 3.169          data_lines_4_OBUF (data_lines<4>)
    ----------------------------------------
    Total                      7.241ns (5.185ns logic, 2.056ns route)
                                       (71.6% logic, 28.4% route)

=========================================================================
Timing constraint: Default path analysis
  Total number of paths / destination ports: 112 / 7
-------------------------------------------------------------------------
Delay:               7.314ns (Levels of Logic = 5)
  Source:            a<1> (PAD)
  Destination:       data_lines<6> (PAD)

  Data Path: a<1> to data_lines<6>
                                Gate     Net
    Cell:in->out      fanout   Delay   Delay  Logical Name (Net Name)
    ----------------------------------------  ------------
     IBUF:I->O             1   1.106   0.426  a_1_IBUF (a_1_IBUF)
     LUT3:I1->O            1   0.612   0.000  mux/Out/M4/y<1>_F (N38)
     MUXF5:I0->O           7   0.278   0.754  mux/Out/M4/y<1> (mux_output<1>)
     LUT4:I0->O            1   0.612   0.357  decoder/y_2_or00001 (data_lines_2_OBUF)
     OBUF:I->O                 3.169          data_lines_2_OBUF (data_lines<2>)
    ----------------------------------------
    Total                      7.314ns (5.777ns logic, 1.537ns route)
                                       (79.0% logic, 21.0% route)

=========================================================================


Total REAL time to Xst completion: 11.00 secs
Total CPU time to Xst completion: 10.53 secs
 
--> 

Total memory usage is 256500 kilobytes

Number of errors   :    0 (   0 filtered)
Number of warnings :    0 (   0 filtered)
Number of infos    :    1 (   0 filtered)

