Release 14.5 - ngc2edif P.58f (nt64)
Copyright (c) 1995-2012 Xilinx, Inc.  All rights reserved.
Reading design AnodeDriverClock.ngc ...
WARNING:NetListWriters:298 - No output is written to AnodeDriverClock.xncf,
   ignored.
Processing design ...
   Preping design's networks ...
   Preping design's macros ...
  finished :Prep
Writing EDIF netlist file AnodeDriverClock.edif ...
ngc2edif: Total memory usage is 75336 kilobytes

Release 14.5 - ngc2edif P.58f (nt64)
Copyright (c) 1995-2012 Xilinx, Inc.  All rights reserved.
Reading design AnodeDriverClock.ngc ...
WARNING:NetListWriters:298 - No output is written to AnodeDriverClock.xncf,
   ignored.
Processing design ...
   Preping design's networks ...
   Preping design's macros ...
  finished :Prep
Writing EDIF netlist file AnodeDriverClock.edif ...
ngc2edif: Total memory usage is 75784 kilobytes

Release 14.5 - ngc2edif P.58f (nt64)
Copyright (c) 1995-2012 Xilinx, Inc.  All rights reserved.
Reading design AnodeDriverClock.ngc ...
WARNING:NetListWriters:298 - No output is written to AnodeDriverClock.xncf,
   ignored.
Processing design ...
   Preping design's networks ...
   Preping design's macros ...
  finished :Prep
Writing EDIF netlist file AnodeDriverClock.edif ...
ngc2edif: Total memory usage is 75464 kilobytes

Release 14.7 - ngc2edif P.20131013 (nt64)
Copyright (c) 1995-2013 Xilinx, Inc.  All rights reserved.
Reading design AnodeDriverClock.ngc ...
WARNING:NetListWriters:298 - No output is written to AnodeDriverClock.xncf,
   ignored.
Processing design ...
   Preping design's networks ...
   Preping design's macros ...
  finished :Prep
Writing EDIF netlist file AnodeDriverClock.edif ...
ngc2edif: Total memory usage is 79476 kilobytes

