Release 14.5 - xst P.58f (nt64)
Copyright (c) 1995-2012 Xilinx, Inc.  All rights reserved.
--> Parameter TMPDIR set to xst/projnav.tmp


Total REAL time to Xst completion: 0.00 secs
Total CPU time to Xst completion: 0.07 secs
 
--> Parameter xsthdpdir set to xst


Total REAL time to Xst completion: 0.00 secs
Total CPU time to Xst completion: 0.07 secs
 
--> Reading design: mux41_4bit_counter.prj

TABLE OF CONTENTS
  1) Synthesis Options Summary
  2) HDL Compilation
  3) Design Hierarchy Analysis
  4) HDL Analysis
  5) HDL Synthesis
     5.1) HDL Synthesis Report
  6) Advanced HDL Synthesis
     6.1) Advanced HDL Synthesis Report
  7) Low Level Synthesis
  8) Partition Report
  9) Final Report
	9.1) Device utilization summary
	9.2) Partition Resource Summary
	9.3) TIMING REPORT


=========================================================================
*                      Synthesis Options Summary                        *
=========================================================================
---- Source Parameters
Input File Name                    : "mux41_4bit_counter.prj"
Input Format                       : mixed
Ignore Synthesis Constraint File   : NO

---- Target Parameters
Output File Name                   : "mux41_4bit_counter"
Output Format                      : NGC
Target Device                      : xc3s500e-5-fg320

---- Source Options
Top Module Name                    : mux41_4bit_counter
Automatic FSM Extraction           : YES
FSM Encoding Algorithm             : Auto
Safe Implementation                : No
FSM Style                          : LUT
RAM Extraction                     : Yes
RAM Style                          : Auto
ROM Extraction                     : Yes
Mux Style                          : Auto
Decoder Extraction                 : YES
Priority Encoder Extraction        : Yes
Shift Register Extraction          : YES
Logical Shifter Extraction         : YES
XOR Collapsing                     : YES
ROM Style                          : Auto
Mux Extraction                     : Yes
Resource Sharing                   : YES
Asynchronous To Synchronous        : NO
Multiplier Style                   : Auto
Automatic Register Balancing       : No

---- Target Options
Add IO Buffers                     : YES
Global Maximum Fanout              : 500
Add Generic Clock Buffer(BUFG)     : 24
Register Duplication               : YES
Slice Packing                      : YES
Optimize Instantiated Primitives   : NO
Use Clock Enable                   : Yes
Use Synchronous Set                : Yes
Use Synchronous Reset              : Yes
Pack IO Registers into IOBs        : Auto
Equivalent register Removal        : YES

---- General Options
Optimization Goal                  : Speed
Optimization Effort                : 1
Keep Hierarchy                     : No
Netlist Hierarchy                  : As_Optimized
RTL Output                         : Yes
Global Optimization                : AllClockNets
Read Cores                         : YES
Write Timing Constraints           : NO
Cross Clock Analysis               : NO
Hierarchy Separator                : /
Bus Delimiter                      : <>
Case Specifier                     : Maintain
Slice Utilization Ratio            : 100
BRAM Utilization Ratio             : 100
Verilog 2001                       : YES
Auto BRAM Packing                  : NO
Slice Utilization Ratio Delta      : 5

=========================================================================


=========================================================================
*                          HDL Compilation                              *
=========================================================================
Compiling verilog file "mux21n.v" in library work
Compiling verilog file "mux21_4bit.v" in library work
Module <mux21n> compiled
Compiling verilog file "theCounter.v" in library work
Module <mux21_4bit> compiled
Compiling verilog file "mux41_4bit1.vf" in library work
Module <counter> compiled
Compiling verilog file "mux41_4bit_counter.v" in library work
Module <mux41_4bit1> compiled
Module <mux41_4bit_counter> compiled
No errors in compilation
Analysis of file <"mux41_4bit_counter.prj"> succeeded.
 

=========================================================================
*                     Design Hierarchy Analysis                         *
=========================================================================
Analyzing hierarchy for module <mux41_4bit_counter> in library <work>.

Analyzing hierarchy for module <counter> in library <work> with parameters.
	N = "00000000000000000000000000010000"

Analyzing hierarchy for module <mux41_4bit1> in library <work>.

Analyzing hierarchy for module <mux21_4bit> in library <work>.

Analyzing hierarchy for module <mux21n> in library <work> with parameters.
	N = "00000000000000000000000000001000"


=========================================================================
*                            HDL Analysis                               *
=========================================================================
Analyzing top module <mux41_4bit_counter>.
Module <mux41_4bit_counter> is correct for synthesis.
 
Analyzing module <counter> in library <work>.
	N = 32'sb00000000000000000000000000010000
Module <counter> is correct for synthesis.
 
Analyzing module <mux41_4bit1> in library <work>.
Module <mux41_4bit1> is correct for synthesis.
 
Analyzing module <mux21_4bit> in library <work>.
Module <mux21_4bit> is correct for synthesis.
 
Analyzing module <mux21n> in library <work>.
	N = 32'sb00000000000000000000000000001000
Module <mux21n> is correct for synthesis.
 

=========================================================================
*                           HDL Synthesis                               *
=========================================================================

Performing bidirectional port resolution...

Synthesizing Unit <counter>.
    Related source file is "theCounter.v".
    Found 4-bit up counter for signal <count>.
    Summary:
	inferred   1 Counter(s).
Unit <counter> synthesized.


Synthesizing Unit <mux21n>.
    Related source file is "mux21n.v".
Unit <mux21n> synthesized.


Synthesizing Unit <mux21_4bit>.
    Related source file is "mux21_4bit.v".
Unit <mux21_4bit> synthesized.


Synthesizing Unit <mux41_4bit1>.
    Related source file is "mux41_4bit1.vf".
Unit <mux41_4bit1> synthesized.


Synthesizing Unit <mux41_4bit_counter>.
    Related source file is "mux41_4bit_counter.v".
Unit <mux41_4bit_counter> synthesized.


=========================================================================
HDL Synthesis Report

Macro Statistics
# Counters                                             : 1
 4-bit up counter                                      : 1

=========================================================================

=========================================================================
*                       Advanced HDL Synthesis                          *
=========================================================================


=========================================================================
Advanced HDL Synthesis Report

Macro Statistics
# Counters                                             : 1
 4-bit up counter                                      : 1

=========================================================================

=========================================================================
*                         Low Level Synthesis                           *
=========================================================================

Optimizing unit <mux41_4bit_counter> ...

Mapping all equations...
Building and optimizing final netlist ...
Found area constraint ratio of 100 (+ 5) on block mux41_4bit_counter, actual ratio is 0.

Final Macro Processing ...

=========================================================================
Final Register Report

Macro Statistics
# Registers                                            : 4
 Flip-Flops                                            : 4

=========================================================================

=========================================================================
*                           Partition Report                            *
=========================================================================

Partition Implementation Status
-------------------------------

  No Partitions were found in this design.

-------------------------------

=========================================================================
*                            Final Report                               *
=========================================================================
Final Results
RTL Top Level Output File Name     : mux41_4bit_counter.ngr
Top Level Output File Name         : mux41_4bit_counter
Output Format                      : NGC
Optimization Goal                  : Speed
Keep Hierarchy                     : No

Design Statistics
# IOs                              : 12

Cell Usage :
# BELS                             : 8
#      GND                         : 1
#      INV                         : 1
#      LUT2                        : 1
#      LUT3                        : 3
#      LUT4                        : 1
#      MUXF5                       : 1
# FlipFlops/Latches                : 4
#      FDR                         : 4
# Clock Buffers                    : 1
#      BUFGP                       : 1
# IO Buffers                       : 11
#      IBUF                        : 3
#      OBUF                        : 8
=========================================================================

Device utilization summary:
---------------------------

Selected Device : 3s500efg320-5 

 Number of Slices:                        3  out of   4656     0%  
 Number of Slice Flip Flops:              4  out of   9312     0%  
 Number of 4 input LUTs:                  6  out of   9312     0%  
 Number of IOs:                          12
 Number of bonded IOBs:                  12  out of    232     5%  
 Number of GCLKs:                         1  out of     24     4%  

---------------------------
Partition Resource Summary:
---------------------------

  No Partitions were found in this design.

---------------------------


=========================================================================
TIMING REPORT

NOTE: THESE TIMING NUMBERS ARE ONLY A SYNTHESIS ESTIMATE.
      FOR ACCURATE TIMING INFORMATION PLEASE REFER TO THE TRACE REPORT
      GENERATED AFTER PLACE-and-ROUTE.

Clock Information:
------------------
-----------------------------------+------------------------+-------+
Clock Signal                       | Clock buffer(FF name)  | Load  |
-----------------------------------+------------------------+-------+
clk                                | BUFGP                  | 4     |
-----------------------------------+------------------------+-------+

Asynchronous Control Signals Information:
----------------------------------------
No asynchronous control signals found in this design

Timing Summary:
---------------
Speed Grade: -5

   Minimum period: 2.320ns (Maximum Frequency: 431.099MHz)
   Minimum input arrival time before clock: 2.400ns
   Maximum output required time after clock: 5.568ns
   Maximum combinational path delay: 6.054ns

Timing Detail:
--------------
All values displayed in nanoseconds (ns)

=========================================================================
Timing constraint: Default period analysis for Clock 'clk'
  Clock period: 2.320ns (frequency: 431.099MHz)
  Total number of paths / destination ports: 10 / 4
-------------------------------------------------------------------------
Delay:               2.320ns (Levels of Logic = 1)
  Source:            counter4/count_0 (FF)
  Destination:       counter4/count_0 (FF)
  Source Clock:      clk rising
  Destination Clock: clk rising

  Data Path: counter4/count_0 to counter4/count_0
                                Gate     Net
    Cell:in->out      fanout   Delay   Delay  Logical Name (Net Name)
    ----------------------------------------  ------------
     FDR:C->Q              6   0.514   0.569  counter4/count_0 (counter4/count_0)
     INV:I->O              1   0.612   0.357  counter4/Mcount_count_xor<0>11_INV_0 (Result<0>)
     FDR:D                     0.268          counter4/count_0
    ----------------------------------------
    Total                      2.320ns (1.394ns logic, 0.926ns route)
                                       (60.1% logic, 39.9% route)

=========================================================================
Timing constraint: Default OFFSET IN BEFORE for Clock 'clk'
  Total number of paths / destination ports: 4 / 4
-------------------------------------------------------------------------
Offset:              2.400ns (Levels of Logic = 1)
  Source:            reset (PAD)
  Destination:       counter4/count_0 (FF)
  Destination Clock: clk rising

  Data Path: reset to counter4/count_0
                                Gate     Net
    Cell:in->out      fanout   Delay   Delay  Logical Name (Net Name)
    ----------------------------------------  ------------
     IBUF:I->O             4   1.106   0.499  reset_IBUF (reset_IBUF)
     FDR:R                     0.795          counter4/count_0
    ----------------------------------------
    Total                      2.400ns (1.901ns logic, 0.499ns route)
                                       (79.2% logic, 20.8% route)

=========================================================================
Timing constraint: Default OFFSET OUT AFTER for Clock 'clk'
  Total number of paths / destination ports: 8 / 5
-------------------------------------------------------------------------
Offset:              5.568ns (Levels of Logic = 3)
  Source:            counter4/count_0 (FF)
  Destination:       y<0> (PAD)
  Source Clock:      clk rising

  Data Path: counter4/count_0 to y<0>
                                Gate     Net
    Cell:in->out      fanout   Delay   Delay  Logical Name (Net Name)
    ----------------------------------------  ------------
     FDR:C->Q              6   0.514   0.638  counter4/count_0 (counter4/count_0)
     LUT3:I1->O            1   0.612   0.000  mux1/XLXI_3/M8/y<0>31_F (N2)
     MUXF5:I0->O           1   0.278   0.357  mux1/XLXI_3/M8/y<0>31 (y_0_OBUF)
     OBUF:I->O                 3.169          y_0_OBUF (y<0>)
    ----------------------------------------
    Total                      5.568ns (4.573ns logic, 0.995ns route)
                                       (82.1% logic, 17.9% route)

=========================================================================
Timing constraint: Default path analysis
  Total number of paths / destination ports: 3 / 1
-------------------------------------------------------------------------
Delay:               6.054ns (Levels of Logic = 4)
  Source:            s<1> (PAD)
  Destination:       y<0> (PAD)

  Data Path: s<1> to y<0>
                                Gate     Net
    Cell:in->out      fanout   Delay   Delay  Logical Name (Net Name)
    ----------------------------------------  ------------
     IBUF:I->O             2   1.106   0.532  s_1_IBUF (s_1_IBUF)
     LUT3:I0->O            1   0.612   0.000  mux1/XLXI_3/M8/y<0>31_F (N2)
     MUXF5:I0->O           1   0.278   0.357  mux1/XLXI_3/M8/y<0>31 (y_0_OBUF)
     OBUF:I->O                 3.169          y_0_OBUF (y<0>)
    ----------------------------------------
    Total                      6.054ns (5.165ns logic, 0.889ns route)
                                       (85.3% logic, 14.7% route)

=========================================================================


Total REAL time to Xst completion: 4.00 secs
Total CPU time to Xst completion: 4.17 secs
 
--> 

Total memory usage is 251204 kilobytes

Number of errors   :    0 (   0 filtered)
Number of warnings :   13 (   0 filtered)
Number of infos    :    0 (   0 filtered)

