ISim log file
Running: F:\Lab11\top_tb_isim_beh.exe -intstyle ise -gui -tclbatch isim.cmd -wdb F:/Lab11/top_tb_isim_beh.wdb 
ISim P.58f (signature 0x7708f090)
WARNING: A WEBPACK license was found.
WARNING: Please use Xilinx License Configuration Manager to check out a full ISim license.
WARNING: ISim will run in Lite mode. Please refer to the ISim documentation for more information on the differences between the Lite and the Full version.
This is a Lite version of ISim.
Time resolution is 1 ps
# onerror resume
# wave add /
# run 100000 ns
Simulator is doing circuit initialization process.
Finished circuit initialization process.
 0 x  0 =   0 ( 0)
 0 x  1 =   0 ( 0)
 0 x  2 =   0 ( 0)
 0 x  3 =   0 ( 0)
 0 x  4 =   0 ( 0)
 0 x  5 =   0 ( 0)
 0 x  6 =   0 ( 0)
 0 x  7 =   0 ( 0)
 0 x  8 =   0 ( 0)
 0 x  9 =   0 ( 0)
 0 x 10 =   0 ( 0)
 0 x 11 =   0 ( 0)
 0 x 12 =   0 ( 0)
 0 x 13 =   0 ( 0)
 0 x 14 =   0 ( 0)
 0 x 15 =   0 ( 0)
 1 x  0 =   0 ( 0)
 1 x  1 =   1 ( 1)
 1 x  2 =   2 ( 2)
 1 x  3 =   3 ( 3)
 1 x  4 =   4 ( 4)
 1 x  5 =   5 ( 5)
 1 x  6 =   6 ( 6)
 1 x  7 =   7 ( 7)
 1 x  8 =   8 ( 8)
 1 x  9 =   9 ( 9)
 1 x 10 =  10 (10)
 1 x 11 =  11 (11)
 1 x 12 =  12 (12)
 1 x 13 =  13 (13)
 1 x 14 =  14 (14)
 1 x 15 =  15 (15)
 2 x  0 =   0 ( 0)
 2 x  1 =   2 ( 2)
 2 x  2 =   4 ( 4)
 2 x  3 =   6 ( 6)
 2 x  4 =   8 ( 8)
 2 x  5 =  10 (10)
 2 x  6 =  12 (12)
 2 x  7 =  14 (14)
 2 x  8 =  16 ( 0)
 2 x  9 =  18 ( 2)
 2 x 10 =  20 ( 4)
 2 x 11 =  22 ( 6)
 2 x 12 =  24 ( 8)
 2 x 13 =  26 (10)
 2 x 14 =  28 (12)
 2 x 15 =  30 (14)
 3 x  0 =   0 ( 0)
 3 x  1 =   3 ( 3)
 3 x  2 =   6 ( 6)
 3 x  3 =   9 ( 9)
 3 x  4 =  12 (12)
 3 x  5 =  15 (15)
 3 x  6 =  18 ( 2)
 3 x  7 =  21 ( 5)
 3 x  8 =  24 ( 8)
 3 x  9 =  27 (11)
 3 x 10 =  30 (14)
 3 x 11 =  33 ( 1)
 3 x 12 =  36 ( 4)
 3 x 13 =  39 ( 7)
 3 x 14 =  42 (10)
 3 x 15 =  45 (13)
 4 x  0 =   0 ( 0)
 4 x  1 =   4 ( 4)
 4 x  2 =   8 ( 8)
 4 x  3 =  12 (12)
 4 x  4 =  16 ( 0)
 4 x  5 =  20 ( 4)
 4 x  6 =  24 ( 8)
 4 x  7 =  28 (12)
 4 x  8 =  32 ( 0)
 4 x  9 =  36 ( 4)
 4 x 10 =  40 ( 8)
 4 x 11 =  44 (12)
 4 x 12 =  48 ( 0)
 4 x 13 =  52 ( 4)
 4 x 14 =  56 ( 8)
 4 x 15 =  60 (12)
 5 x  0 =   0 ( 0)
 5 x  1 =   5 ( 5)
 5 x  2 =  10 (10)
 5 x  3 =  15 (15)
 5 x  4 =  20 ( 4)
 5 x  5 =  25 ( 9)
 5 x  6 =  30 (14)
 5 x  7 =  35 ( 3)
 5 x  8 =  40 ( 8)
 5 x  9 =  45 (13)
 5 x 10 =  50 ( 2)
 5 x 11 =  55 ( 7)
 5 x 12 =  60 (12)
 5 x 13 =  65 ( 1)
 5 x 14 =  70 ( 6)
 5 x 15 =  75 (11)
 6 x  0 =   0 ( 0)
 6 x  1 =   6 ( 6)
 6 x  2 =  12 (12)
 6 x  3 =  18 ( 2)
 6 x  4 =  24 ( 8)
 6 x  5 =  30 (14)
 6 x  6 =  36 ( 4)
 6 x  7 =  42 (10)
 6 x  8 =  48 ( 0)
 6 x  9 =  54 ( 6)
 6 x 10 =  60 (12)
 6 x 11 =  66 ( 2)
 6 x 12 =  72 ( 8)
 6 x 13 =  78 (14)
 6 x 14 =  84 ( 4)
 6 x 15 =  90 (10)
 7 x  0 =   0 ( 0)
 7 x  1 =   7 ( 7)
 7 x  2 =  14 (14)
 7 x  3 =  21 ( 5)
 7 x  4 =  28 (12)
 7 x  5 =  35 ( 3)
 7 x  6 =  42 (10)
 7 x  7 =  49 ( 1)
 7 x  8 =  56 ( 8)
 7 x  9 =  63 (15)
 7 x 10 =  70 ( 6)
 7 x 11 =  77 (13)
 7 x 12 =  84 ( 4)
 7 x 13 =  91 (11)
 7 x 14 =  98 ( 2)
 7 x 15 = 105 ( 9)
 8 x  0 =   0 ( 0)
 8 x  1 =   8 ( 8)
 8 x  2 =  16 ( 0)
 8 x  3 =  24 ( 8)
 8 x  4 =  32 ( 0)
 8 x  5 =  40 ( 8)
 8 x  6 =  48 ( 0)
 8 x  7 =  56 ( 8)
 8 x  8 =  64 ( 0)
 8 x  9 =  72 ( 8)
 8 x 10 =  80 ( 0)
 8 x 11 =  88 ( 8)
 8 x 12 =  96 ( 0)
 8 x 13 = 104 ( 8)
 8 x 14 = 112 ( 0)
 8 x 15 = 120 ( 8)
 9 x  0 =   0 ( 0)
 9 x  1 =   9 ( 9)
 9 x  2 =  18 ( 2)
 9 x  3 =  27 (11)
 9 x  4 =  36 ( 4)
 9 x  5 =  45 (13)
 9 x  6 =  54 ( 6)
 9 x  7 =  63 (15)
 9 x  8 =  72 ( 8)
 9 x  9 =  81 ( 1)
 9 x 10 =  90 (10)
 9 x 11 =  99 ( 3)
 9 x 12 = 108 (12)
 9 x 13 = 117 ( 5)
 9 x 14 = 126 (14)
 9 x 15 = 135 ( 7)
10 x  0 =   0 ( 0)
10 x  1 =  10 (10)
10 x  2 =  20 ( 4)
10 x  3 =  30 (14)
10 x  4 =  40 ( 8)
10 x  5 =  50 ( 2)
10 x  6 =  60 (12)
10 x  7 =  70 ( 6)
10 x  8 =  80 ( 0)
10 x  9 =  90 (10)
10 x 10 = 100 ( 4)
10 x 11 = 110 (14)
10 x 12 = 120 ( 8)
10 x 13 = 130 ( 2)
10 x 14 = 140 (12)
10 x 15 = 150 ( 6)
11 x  0 =   0 ( 0)
11 x  1 =  11 (11)
11 x  2 =  22 ( 6)
11 x  3 =  33 ( 1)
11 x  4 =  44 (12)
11 x  5 =  55 ( 7)
11 x  6 =  66 ( 2)
11 x  7 =  77 (13)
11 x  8 =  88 ( 8)
11 x  9 =  99 ( 3)
11 x 10 = 110 (14)
11 x 11 = 121 ( 9)
11 x 12 = 132 ( 4)
11 x 13 = 143 (15)
11 x 14 = 154 (10)
11 x 15 = 165 ( 5)
12 x  0 =   0 ( 0)
12 x  1 =  12 (12)
12 x  2 =  24 ( 8)
12 x  3 =  36 ( 4)
12 x  4 =  48 ( 0)
12 x  5 =  60 (12)
12 x  6 =  72 ( 8)
12 x  7 =  84 ( 4)
12 x  8 =  96 ( 0)
12 x  9 = 108 (12)
12 x 10 = 120 ( 8)
12 x 11 = 132 ( 4)
12 x 12 = 144 ( 0)
12 x 13 = 156 (12)
12 x 14 = 168 ( 8)
12 x 15 = 180 ( 4)
13 x  0 =   0 ( 0)
13 x  1 =  13 (13)
13 x  2 =  26 (10)
13 x  3 =  39 ( 7)
13 x  4 =  52 ( 4)
13 x  5 =  65 ( 1)
13 x  6 =  78 (14)
13 x  7 =  91 (11)
13 x  8 = 104 ( 8)
13 x  9 = 117 ( 5)
13 x 10 = 130 ( 2)
13 x 11 = 143 (15)
13 x 12 = 156 (12)
13 x 13 = 169 ( 9)
13 x 14 = 182 ( 6)
13 x 15 = 195 ( 3)
14 x  0 =   0 ( 0)
14 x  1 =  14 (14)
14 x  2 =  28 (12)
14 x  3 =  42 (10)
14 x  4 =  56 ( 8)
14 x  5 =  70 ( 6)
14 x  6 =  84 ( 4)
14 x  7 =  98 ( 2)
14 x  8 = 112 ( 0)
14 x  9 = 126 (14)
14 x 10 = 140 (12)
14 x 11 = 154 (10)
14 x 12 = 168 ( 8)
14 x 13 = 182 ( 6)
14 x 14 = 196 ( 4)
14 x 15 = 210 ( 2)
15 x  0 =   0 ( 0)
15 x  1 =  15 (15)
15 x  2 =  30 (14)
15 x  3 =  45 (13)
15 x  4 =  60 (12)
15 x  5 =  75 (11)
15 x  6 =  90 (10)
15 x  7 = 105 ( 9)
15 x  8 = 120 ( 8)
15 x  9 = 135 ( 7)
15 x 10 = 150 ( 6)
15 x 11 = 165 ( 5)
15 x 12 = 180 ( 4)
15 x 13 = 195 ( 3)
15 x 14 = 210 ( 2)
15 x 15 = 225 ( 1)
