--------------------------------------------------------------------------------
Release 14.5 Trace  (nt64)
Copyright (c) 1995-2012 Xilinx, Inc.  All rights reserved.

C:\Xilinx\14.5\ISE_DS\ISE\bin\nt64\unwrapped\trce.exe -intstyle ise -v 3 -s 5
-n 3 -fastpaths -xml product_top.twx product_top.ncd -o product_top.twr
product_top.pcf -ucf product_top.ucf

Design file:              product_top.ncd
Physical constraint file: product_top.pcf
Device,package,speed:     xc3s500e,fg320,-5 (PRODUCTION 1.27 2013-03-26)
Report level:             verbose report

Environment Variable      Effect 
--------------------      ------ 
NONE                      No environment variables were set
--------------------------------------------------------------------------------

INFO:Timing:2698 - No timing constraints found, doing default enumeration.
INFO:Timing:3412 - To improve timing, see the Timing Closure User Guide (UG612).
INFO:Timing:2752 - To get complete path coverage, use the unconstrained paths 
   option. All paths that are not constrained will be reported in the 
   unconstrained paths section(s) of the report.
INFO:Timing:3339 - The clock-to-out numbers in this timing report are based on 
   a 50 Ohm transmission line loading model.  For the details of this model, 
   and for more information on accounting for different loading conditions, 
   please see the device datasheet.
INFO:Timing:3390 - This architecture does not support a default System Jitter 
   value, please add SYSTEM_JITTER constraint to the UCF to modify the Clock 
   Uncertainty calculation.
INFO:Timing:3389 - This architecture does not support 'Discrete Jitter' and 
   'Phase Error' calculations, these terms will be zero in the Clock 
   Uncertainty calculation.  Please make appropriate modification to 
   SYSTEM_JITTER to account for the unsupported Discrete Jitter and Phase 
   Error.



Data Sheet report:
-----------------
All values displayed in nanoseconds (ns)

Setup/Hold to clock clk
------------+------------+------------+------------------+--------+
            |Max Setup to|Max Hold to |                  | Clock  |
Source      | clk (edge) | clk (edge) |Internal Clock(s) | Phase  |
------------+------------+------------+------------------+--------+
reset       |    1.380(R)|    0.196(R)|clk_BUFGP         |   0.000|
------------+------------+------------+------------------+--------+

Clock clk to Pad
------------+------------+------------------+--------+
            | clk (edge) |                  | Clock  |
Destination |   to PAD   |Internal Clock(s) | Phase  |
------------+------------+------------------+--------+
Aout<0>     |    8.775(R)|clk_BUFGP         |   0.000|
Aout<1>     |    8.200(R)|clk_BUFGP         |   0.000|
Aout<2>     |    9.571(R)|clk_BUFGP         |   0.000|
Aout<3>     |    8.680(R)|clk_BUFGP         |   0.000|
Bout<0>     |    8.042(R)|clk_BUFGP         |   0.000|
Bout<1>     |    8.376(R)|clk_BUFGP         |   0.000|
Bout<2>     |    7.952(R)|clk_BUFGP         |   0.000|
Bout<3>     |    8.511(R)|clk_BUFGP         |   0.000|
a           |   11.537(R)|clk_BUFGP         |   0.000|
b           |   11.348(R)|clk_BUFGP         |   0.000|
c           |   10.809(R)|clk_BUFGP         |   0.000|
clk_out     |    7.023(R)|clk_BUFGP         |   0.000|
d           |   11.432(R)|clk_BUFGP         |   0.000|
e           |   11.111(R)|clk_BUFGP         |   0.000|
f           |   11.689(R)|clk_BUFGP         |   0.000|
g           |   11.394(R)|clk_BUFGP         |   0.000|
------------+------------+------------------+--------+

Clock to Setup on destination clock clk
---------------+---------+---------+---------+---------+
               | Src:Rise| Src:Fall| Src:Rise| Src:Fall|
Source Clock   |Dest:Rise|Dest:Rise|Dest:Fall|Dest:Fall|
---------------+---------+---------+---------+---------+
clk            |    3.348|         |         |         |
---------------+---------+---------+---------+---------+


Analysis completed Mon Nov 25 15:15:48 2013 
--------------------------------------------------------------------------------

Trace Settings:
-------------------------
Trace Settings 

Peak Memory Usage: 162 MB



