
****** PlanAhead v14.7 (64-bit)
  **** Build 321239 by xbuild on Fri Sep 27 19:29:51 MDT 2013
    ** Copyright 1986-1999, 2001-2013 Xilinx, Inc. All Rights Reserved.

INFO: [Common 17-78] Attempting to get a license: PlanAhead
INFO: [Common 17-290] Got license for PlanAhead
INFO: [Device 21-36] Loading parts and site information from C:/Xilinx2/14.7/ISE_DS/PlanAhead/data/parts/arch.xml
Parsing RTL primitives file [C:/Xilinx2/14.7/ISE_DS/PlanAhead/data/parts/xilinx/rtl/prims/rtl_prims.xml]
Finished parsing RTL primitives file [C:/Xilinx2/14.7/ISE_DS/PlanAhead/data/parts/xilinx/rtl/prims/rtl_prims.xml]
start_gui
source {C:/Users/Paula/Google Drive/Xilinx/Lab7 post/pa.fromNetlist.tcl}
# create_project -name Lab7 -dir "C:/Users/Paula/Google Drive/Xilinx/Lab7 post/planAhead_run_4" -part xc3s500efg320-5
# set_property design_mode GateLvl [get_property srcset [current_run -impl]]
# set_property edif_top_file "C:/Users/Paula/Google Drive/Xilinx/Lab7 post/AnodeDriverClock.ngc" [ get_property srcset [ current_run ] ]
# add_files -norecurse { {C:/Users/Paula/Google Drive/Xilinx/Lab7 post} }
# set_param project.pinAheadLayout  yes
# set_property target_constrs_file "AnodeDriverClock.ucf" [current_fileset -constrset]
Adding file 'C:/Users/Paula/Google Drive/Xilinx/Lab7 post/AnodeDriverClock.ucf' to fileset 'constrs_1'
# add_files [list {AnodeDriverClock.ucf}] -fileset [get_property constrset [current_run]]
# link_design
Design is defaulting to srcset: sources_1
Design is defaulting to constrset: constrs_1
Design is defaulting to project part: xc3s500efg320-5
Release 14.7 - ngc2edif P.20131013 (nt64)
Copyright (c) 1995-2013 Xilinx, Inc.  All rights reserved.
Reading design AnodeDriverClock.ngc ...
WARNING:NetListWriters:298 - No output is written to AnodeDriverClock.xncf,
   ignored.
Processing design ...
   Preping design's networks ...
   Preping design's macros ...
  finished :Prep
Writing EDIF netlist file AnodeDriverClock.edif ...
ngc2edif: Total memory usage is 79476 kilobytes

Parsing EDIF File [./planAhead_run_4/Lab7.data/cache/AnodeDriverClock_ngc_zx.edif]
Finished Parsing EDIF File [./planAhead_run_4/Lab7.data/cache/AnodeDriverClock_ngc_zx.edif]
INFO: [Designutils 20-910] Reading macro library C:/Xilinx2/14.7/ISE_DS/PlanAhead/data\./parts/xilinx/spartan3e/spartan3e/hd_int_macros.edn
Parsing EDIF File [C:/Xilinx2/14.7/ISE_DS/PlanAhead/data\./parts/xilinx/spartan3e/spartan3e/hd_int_macros.edn]
Finished Parsing EDIF File [C:/Xilinx2/14.7/ISE_DS/PlanAhead/data\./parts/xilinx/spartan3e/spartan3e/hd_int_macros.edn]
Loading clock regions from C:/Xilinx2/14.7/ISE_DS/PlanAhead/data\parts/xilinx/spartan3e/spartan3e/xc3s500e/ClockRegion.xml
Loading clock buffers from C:/Xilinx2/14.7/ISE_DS/PlanAhead/data\parts/xilinx/spartan3e/spartan3e/xc3s500e/ClockBuffers.xml
Loading package from C:/Xilinx2/14.7/ISE_DS/PlanAhead/data\parts/xilinx/spartan3e/spartan3e/xc3s500e/fg320/Package.xml
Loading io standards from C:/Xilinx2/14.7/ISE_DS/PlanAhead/data\./parts/xilinx/spartan3e/IOStandards.xml
INFO: [Device 21-19] Loading pkg sso from C:/Xilinx2/14.7/ISE_DS/PlanAhead/data\parts/xilinx/spartan3e/spartan3e/xc3s500e/fg320/SSORules.xml
Loading list of drcs for the architecture : C:/Xilinx2/14.7/ISE_DS/PlanAhead/data\./parts/xilinx/spartan3e/spartan3e/drc.xml
INFO: [Timing 38-77] Reading timing library C:/Xilinx2/14.7/ISE_DS/PlanAhead/data\parts/xilinx/spartan3e/spartan3e/spartan3e-5.lib.
INFO: [Timing 38-34] Done reading timing library C:/Xilinx2/14.7/ISE_DS/PlanAhead/data\parts/xilinx/spartan3e/spartan3e/spartan3e-5.lib.
Parsing UCF File [C:/Users/Paula/Google Drive/Xilinx/Lab7 post/AnodeDriverClock.ucf]
Finished Parsing UCF File [C:/Users/Paula/Google Drive/Xilinx/Lab7 post/AnodeDriverClock.ucf]
INFO: [Project 1-111] Unisim Transformation Summary:
No Unisim elements were transformed.

Phase 0 | Netlist Checksum: f6bed609
link_design: Time (s): elapsed = 00:00:15 . Memory (MB): peak = 494.250 ; gain = 105.367
