Running: C:\Xilinx\14.5\ISE_DS\ISE\bin\nt\unwrapped\fuse.exe -intstyle ise -incremental -lib unisims_ver -lib unimacro_ver -lib xilinxcorelib_ver -o F:/Lab5/testhalfadder_isim_beh.exe -prj F:/Lab5/testhalfadder_beh.prj work.testhalfadder work.glbl 
ISim P.58f (signature 0x8ef4fb42)
Number of CPUs detected in this system: 4
Turning on mult-threading, number of parallel sub-compilation jobs: 8 
Determining compilation order of HDL files
Analyzing Verilog file "F:/Lab5/halfadder.v" into library work
Analyzing Verilog file "F:/Lab5/testhalfadder.v" into library work
Analyzing Verilog file "C:/Xilinx/14.5/ISE_DS/ISE//verilog/src/glbl.v" into library work
Starting static elaboration
Completed static elaboration
Fuse Memory Usage: 118288 KB
Fuse CPU Usage: 202 ms
Compiling module halfadder
Compiling module testhalfadder
Compiling module glbl
Time Resolution for simulation is 1ps.
Waiting for 1 sub-compilation(s) to finish...
Compiled 3 Verilog Units
Built simulation executable F:/Lab5/testhalfadder_isim_beh.exe
Fuse Memory Usage: 122880 KB
Fuse CPU Usage: 217 ms
